<?xml version="1.0" encoding="UTF-8"?>
<!-- Generated by org.testng.reporters.JUnitReportReporter -->
<testsuite hostname="LAPTOP-L9OI9DNE" failures="0" tests="1" name="popup.HandleAuthenticationPopup" time="14.041" errors="0" timestamp="2024-05-12T16:42:48 IST" skipped="0">
  <testcase classname="popup.HandleAuthenticationPopup" name="handleAuth" time="14.041"/>
  <system-out/>
</testsuite> <!-- popup.HandleAuthenticationPopup -->
