<?xml version="1.0" encoding="UTF-8"?>
<!-- Generated by org.testng.reporters.JUnitReportReporter -->
<testsuite hostname="LAPTOP-L9OI9DNE" failures="0" tests="1" name="practice.dropdown" time="16.407" errors="0" timestamp="2024-04-20T13:16:00 IST" skipped="0">
  <testcase classname="practice.dropdown" name="selectDropdown" time="16.407"/>
  <system-out/>
</testsuite> <!-- practice.dropdown -->
