<?xml version="1.0" encoding="UTF-8"?>
<!-- Generated by org.testng.reporters.JUnitReportReporter -->
<testsuite hostname="LAPTOP-L9OI9DNE" failures="0" tests="1" name="practice.LaunchBrowser" time="40.824" errors="0" timestamp="2024-06-23T14:48:38 IST" skipped="0">
  <testcase classname="practice.LaunchBrowser" name="myTest" time="40.824"/>
  <system-out/>
</testsuite> <!-- practice.LaunchBrowser -->
