<?xml version="1.0" encoding="UTF-8"?>
<!-- Generated by org.testng.reporters.JUnitReportReporter -->
<testsuite hostname="LAPTOP-L9OI9DNE" failures="0" tests="1" name="cart.AddingCart" time="73.017" errors="0" timestamp="2024-06-23T23:55:47 IST" skipped="0">
  <testcase classname="cart.AddingCart" name="cart" time="73.017"/>
  <system-out/>
</testsuite> <!-- cart.AddingCart -->
