<?xml version="1.0" encoding="UTF-8"?>
<!-- Generated by org.testng.reporters.JUnitReportReporter -->
<testsuite hostname="LAPTOP-L9OI9DNE" failures="0" tests="1" name="windowAndFrames.WindowHandling" time="28.684" errors="0" timestamp="2024-04-30T06:49:42 IST" skipped="0">
  <testcase classname="windowAndFrames.WindowHandling" name="windows" time="28.684"/>
  <system-out/>
</testsuite> <!-- windowAndFrames.WindowHandling -->
