<?xml version="1.0" encoding="UTF-8"?>
<!-- Generated by org.testng.reporters.JUnitReportReporter -->
<testsuite hostname="LAPTOP-L9OI9DNE" failures="0" tests="1" name="login.Logintest" time="12.901" errors="0" timestamp="2024-07-01T07:11:27 IST" skipped="0">
  <testcase classname="login.Logintest" name="myTest" time="12.901"/>
  <system-out/>
</testsuite> <!-- login.Logintest -->
