<?xml version="1.0" encoding="UTF-8"?>
<!-- Generated by org.testng.reporters.JUnitReportReporter -->
<testsuite hostname="LAPTOP-L9OI9DNE" failures="0" tests="1" name="practice.AlertsDropDown" time="15.538" errors="0" timestamp="2024-04-21T17:47:02 IST" skipped="0">
  <testcase classname="practice.AlertsDropDown" name="handleAlert" time="15.538"/>
  <system-out/>
</testsuite> <!-- practice.AlertsDropDown -->
